<?xml version="1.0" encoding="UTF-8"?>
<testsuite xmlns:xsi="http://www.w3.org/2001/XMLSchema-instance" xsi:noNamespaceSchemaLocation="https://maven.apache.org/surefire/maven-surefire-plugin/xsd/surefire-test-report.xsd" version="3.0.2" name="login functionality" time="20.883" tests="3" errors="0" skipped="0" failures="0" flakes="0">
  <properties>
[...]
</properties>
  <testcase name="Login with mobilenumber #1" classname="login functionality" time="7.189">
    <system-out><![CDATA[
Scenario Outline: Login with mobilenumber # src/test/resources/features/login.feature:10
  ✔ Given user on Login Page              # stepdefinitions.LoginTest.loadLoginPage()
  ✔ When user enter "7842181145"          # stepdefinitions.LoginTest.updateMobileNumber(java.lang.String)
  ✔ And click for RequestOTP              # stepdefinitions.LoginTest.requestOTP()
  ✔ Then validate verify button           # stepdefinitions.LoginTest.validateVerifyButton()
]]></system-out>
  </testcase>
  <testcase name="Login with mobilenumber #2" classname="login functionality" time="9.374">
    <system-out><![CDATA[
Scenario Outline: Login with mobilenumber # src/test/resources/features/login.feature:11
  ✔ Given user on Login Page              # stepdefinitions.LoginTest.loadLoginPage()
  ✔ When user enter "8886167838"          # stepdefinitions.LoginTest.updateMobileNumber(java.lang.String)
  ✔ And click for RequestOTP              # stepdefinitions.LoginTest.requestOTP()
  ✔ Then validate verify button           # stepdefinitions.LoginTest.validateVerifyButton()
]]></system-out>
  </testcase>
  <testcase name="Login with Invalid Mobile Number" classname="login functionality" time="4.32">
    <system-out><![CDATA[
Scenario: Login with Invalid Mobile Number # src/test/resources/features/login.feature:13
  ✔ Given user on Login Page               # stepdefinitions.LoginTest.loadLoginPage()
  ✔ When user enter "123456789"            # stepdefinitions.LoginTest.updateMobileNumber(java.lang.String)
  ✔ And click for RequestOTP               # stepdefinitions.LoginTest.requestOTP()
  ✔ Then validate warning message          # stepdefinitions.LoginTest.validateWarningMessage()
]]></system-out>
  </testcase>
</testsuite>